<?xml version="1.0" encoding="UTF-8"?>
<!-- Generated by org.testng.reporters.JUnitReportReporter -->
<testsuite hostname="DESKTOP-2283PQ5" failures="0" tests="3" name="org.test.TestPro" time="0.020" errors="0" timestamp="09 Sep 2022 13:49:00 GMT" skipped="0">
  <testcase classname="org.test.TestPro" name="tc1" time="0.016"/>
  <testcase classname="org.test.TestPro" name="tc1" time="0.001"/>
  <testcase classname="org.test.TestPro" name="tc1" time="0.003"/>
</testsuite> <!-- org.test.TestPro -->
